Performing C SOURCE FILE Test CMAKE_HAVE_LIBC_PTHREAD failed with the following output:
Change Dir: /home/ardhy/Documents/research/new_project/bgv-comparison/HElib/build/CMakeFiles/CMakeTmp

Run Build Command(s):/usr/bin/make -f Makefile cmTC_ac09e/fast && /usr/bin/make  -f CMakeFiles/cmTC_ac09e.dir/build.make CMakeFiles/cmTC_ac09e.dir/build
make[1]: Entering directory '/home/ardhy/Documents/research/new_project/bgv-comparison/HElib/build/CMakeFiles/CMakeTmp'
Building C object CMakeFiles/cmTC_ac09e.dir/src.c.o
/usr/bin/gcc -DCMAKE_HAVE_LIBC_PTHREAD   -o CMakeFiles/cmTC_ac09e.dir/src.c.o -c /home/ardhy/Documents/research/new_project/bgv-comparison/HElib/build/CMakeFiles/CMakeTmp/src.c
Linking C executable cmTC_ac09e
/home/ardhy/anaconda2/lib/python2.7/site-packages/cmake/data/bin/cmake -E cmake_link_script CMakeFiles/cmTC_ac09e.dir/link.txt --verbose=1
/usr/bin/gcc CMakeFiles/cmTC_ac09e.dir/src.c.o -o cmTC_ac09e 
CMakeFiles/cmTC_ac09e.dir/src.c.o: In function `main':
src.c:(.text+0x3e): undefined reference to `pthread_create'
src.c:(.text+0x4a): undefined reference to `pthread_detach'
src.c:(.text+0x56): undefined reference to `pthread_cancel'
src.c:(.text+0x67): undefined reference to `pthread_join'
src.c:(.text+0x7b): undefined reference to `pthread_atfork'
collect2: error: ld returned 1 exit status
CMakeFiles/cmTC_ac09e.dir/build.make:98: recipe for target 'cmTC_ac09e' failed
make[1]: *** [cmTC_ac09e] Error 1
make[1]: Leaving directory '/home/ardhy/Documents/research/new_project/bgv-comparison/HElib/build/CMakeFiles/CMakeTmp'
Makefile:127: recipe for target 'cmTC_ac09e/fast' failed
make: *** [cmTC_ac09e/fast] Error 2


Source file was:
#include <pthread.h>

static void* test_func(void* data)
{
  return data;
}

int main(void)
{
  pthread_t thread;
  pthread_create(&thread, NULL, test_func, NULL);
  pthread_detach(thread);
  pthread_cancel(thread);
  pthread_join(thread, NULL);
  pthread_atfork(NULL, NULL, NULL);
  pthread_exit(NULL);

  return 0;
}

Determining if the function pthread_create exists in the pthreads failed with the following output:
Change Dir: /home/ardhy/Documents/research/new_project/bgv-comparison/HElib/build/CMakeFiles/CMakeTmp

Run Build Command(s):/usr/bin/make -f Makefile cmTC_a1ce2/fast && /usr/bin/make  -f CMakeFiles/cmTC_a1ce2.dir/build.make CMakeFiles/cmTC_a1ce2.dir/build
make[1]: Entering directory '/home/ardhy/Documents/research/new_project/bgv-comparison/HElib/build/CMakeFiles/CMakeTmp'
Building C object CMakeFiles/cmTC_a1ce2.dir/CheckFunctionExists.c.o
/usr/bin/gcc   -DCHECK_FUNCTION_EXISTS=pthread_create -o CMakeFiles/cmTC_a1ce2.dir/CheckFunctionExists.c.o -c /home/ardhy/anaconda2/lib/python2.7/site-packages/cmake/data/share/cmake-3.22/Modules/CheckFunctionExists.c
Linking C executable cmTC_a1ce2
/home/ardhy/anaconda2/lib/python2.7/site-packages/cmake/data/bin/cmake -E cmake_link_script CMakeFiles/cmTC_a1ce2.dir/link.txt --verbose=1
/usr/bin/gcc  -DCHECK_FUNCTION_EXISTS=pthread_create CMakeFiles/cmTC_a1ce2.dir/CheckFunctionExists.c.o -o cmTC_a1ce2  -lpthreads 
/usr/bin/ld: cannot find -lpthreads
collect2: error: ld returned 1 exit status
CMakeFiles/cmTC_a1ce2.dir/build.make:98: recipe for target 'cmTC_a1ce2' failed
make[1]: *** [cmTC_a1ce2] Error 1
make[1]: Leaving directory '/home/ardhy/Documents/research/new_project/bgv-comparison/HElib/build/CMakeFiles/CMakeTmp'
Makefile:127: recipe for target 'cmTC_a1ce2/fast' failed
make: *** [cmTC_a1ce2/fast] Error 2



